<?xml version="1.0" encoding="UTF-8"?>
<!-- Generated by org.testng.reporters.JUnitReportReporter -->
<testsuite hostname="LAPTOP-J1D6NOHE" failures="0" tests="1" name="testng.Annotations" time="0.008" errors="0" timestamp="05 Dec 2023 03:41:54 GMT" skipped="0">
  <testcase classname="testng.Annotations" name="b" time="0.008"/>
</testsuite> <!-- testng.Annotations -->
