<?xml version="1.0" encoding="UTF-8"?>
<!-- Generated by org.testng.reporters.JUnitReportReporter -->
<testsuite hostname="LAPTOP-J1D6NOHE" failures="0" tests="1" name="launch_browser.NewTest_009" time="0.034" errors="0" timestamp="04 Dec 2023 03:40:10 GMT" skipped="0">
  <testcase classname="launch_browser.NewTest_009" name="f" time="0.034"/>
</testsuite> <!-- launch_browser.NewTest_009 -->
