<?xml version="1.0" encoding="UTF-8"?>
<!-- Generated by org.testng.reporters.JUnitReportReporter -->
<testsuite hostname="LAPTOP-J1D6NOHE" failures="0" tests="3" name="testng.TNG_SCript_003" time="0.625" errors="0" timestamp="08 Dec 2023 12:39:11 GMT" skipped="0">
  <testcase classname="testng.TNG_SCript_003" name="Verify_Mouse_Hover_002" time="0.198"/>
  <testcase classname="testng.TNG_SCript_003" name="Verify_Mouse_Hover_003" time="0.183"/>
  <testcase classname="testng.TNG_SCript_003" name="Verify_Mouse_Hover_001" time="0.244"/>
</testsuite> <!-- testng.TNG_SCript_003 -->
