<?xml version="1.0" encoding="UTF-8"?>
<!-- Generated by org.testng.reporters.JUnitReportReporter -->
<testsuite hostname="LAPTOP-J1D6NOHE" failures="0" tests="1" name="testng.NewTest_007" time="0.018" errors="0" timestamp="05 Dec 2023 03:44:27 GMT" skipped="0">
  <testcase classname="testng.NewTest_007" name="f" time="0.018"/>
</testsuite> <!-- testng.NewTest_007 -->
